Conda uses environments to load different sets of Python packages
type conda env list to see the environments availible.
2020-05-10 00:50:47 WARN  NativeCodeLoader:62 - Unable to load native-hadoop library for your platform... using builtin-java classes where applicable
2020-05-10 00:50:49 INFO  SparkContext:54 - Running Spark version 2.3.2
2020-05-10 00:50:50 WARN  SparkConf:66 - In Spark 1.0 and later spark.local.dir will be overridden by the value set by the cluster manager (via SPARK_LOCAL_DIRS in mesos/standalone and LOCAL_DIRS in YARN).
2020-05-10 00:50:50 INFO  SparkContext:54 - Submitted application: Q1_1
2020-05-10 00:50:50 INFO  SecurityManager:54 - Changing view acls to: acp18rkh
2020-05-10 00:50:50 INFO  SecurityManager:54 - Changing modify acls to: acp18rkh
2020-05-10 00:50:50 INFO  SecurityManager:54 - Changing view acls groups to: 
2020-05-10 00:50:50 INFO  SecurityManager:54 - Changing modify acls groups to: 
2020-05-10 00:50:50 INFO  SecurityManager:54 - SecurityManager: authentication disabled; ui acls disabled; users  with view permissions: Set(acp18rkh); groups with view permissions: Set(); users  with modify permissions: Set(acp18rkh); groups with modify permissions: Set()
2020-05-10 00:50:50 INFO  Utils:54 - Successfully started service 'sparkDriver' on port 46336.
2020-05-10 00:50:50 INFO  SparkEnv:54 - Registering MapOutputTracker
2020-05-10 00:50:50 INFO  SparkEnv:54 - Registering BlockManagerMaster
2020-05-10 00:50:50 INFO  BlockManagerMasterEndpoint:54 - Using org.apache.spark.storage.DefaultTopologyMapper for getting topology information
2020-05-10 00:50:50 INFO  BlockManagerMasterEndpoint:54 - BlockManagerMasterEndpoint up
2020-05-10 00:50:50 INFO  DiskBlockManager:54 - Created local directory at /mnt/fastdata/acq18rkh/blockmgr-3cf5d5e4-ade7-4b28-acfc-4c0a7947a552
2020-05-10 00:50:50 INFO  MemoryStore:54 - MemoryStore started with capacity 5.2 GB
2020-05-10 00:50:50 INFO  SparkEnv:54 - Registering OutputCommitCoordinator
2020-05-10 00:50:50 INFO  log:192 - Logging initialized @5573ms
2020-05-10 00:50:50 INFO  Server:351 - jetty-9.3.z-SNAPSHOT, build timestamp: unknown, git hash: unknown
2020-05-10 00:50:50 INFO  Server:419 - Started @5648ms
2020-05-10 00:50:50 WARN  Utils:66 - Service 'SparkUI' could not bind on port 4040. Attempting port 4041.
2020-05-10 00:50:50 WARN  Utils:66 - Service 'SparkUI' could not bind on port 4041. Attempting port 4042.
2020-05-10 00:50:50 INFO  AbstractConnector:278 - Started ServerConnector@65a145da{HTTP/1.1,[http/1.1]}{0.0.0.0:4042}
2020-05-10 00:50:50 INFO  Utils:54 - Successfully started service 'SparkUI' on port 4042.
2020-05-10 00:50:50 INFO  ContextHandler:781 - Started o.s.j.s.ServletContextHandler@20c20340{/jobs,null,AVAILABLE,@Spark}
2020-05-10 00:50:50 INFO  ContextHandler:781 - Started o.s.j.s.ServletContextHandler@1809181d{/jobs/json,null,AVAILABLE,@Spark}
2020-05-10 00:50:50 INFO  ContextHandler:781 - Started o.s.j.s.ServletContextHandler@1649750f{/jobs/job,null,AVAILABLE,@Spark}
2020-05-10 00:50:50 INFO  ContextHandler:781 - Started o.s.j.s.ServletContextHandler@6ff884f1{/jobs/job/json,null,AVAILABLE,@Spark}
2020-05-10 00:50:50 INFO  ContextHandler:781 - Started o.s.j.s.ServletContextHandler@3f61a0e3{/stages,null,AVAILABLE,@Spark}
2020-05-10 00:50:50 INFO  ContextHandler:781 - Started o.s.j.s.ServletContextHandler@625d5b0d{/stages/json,null,AVAILABLE,@Spark}
2020-05-10 00:50:50 INFO  ContextHandler:781 - Started o.s.j.s.ServletContextHandler@61113b1a{/stages/stage,null,AVAILABLE,@Spark}
2020-05-10 00:50:50 INFO  ContextHandler:781 - Started o.s.j.s.ServletContextHandler@703c9afa{/stages/stage/json,null,AVAILABLE,@Spark}
2020-05-10 00:50:50 INFO  ContextHandler:781 - Started o.s.j.s.ServletContextHandler@181db60c{/stages/pool,null,AVAILABLE,@Spark}
2020-05-10 00:50:50 INFO  ContextHandler:781 - Started o.s.j.s.ServletContextHandler@7dbbaa06{/stages/pool/json,null,AVAILABLE,@Spark}
2020-05-10 00:50:50 INFO  ContextHandler:781 - Started o.s.j.s.ServletContextHandler@c653950{/storage,null,AVAILABLE,@Spark}
2020-05-10 00:50:50 INFO  ContextHandler:781 - Started o.s.j.s.ServletContextHandler@181a896c{/storage/json,null,AVAILABLE,@Spark}
2020-05-10 00:50:50 INFO  ContextHandler:781 - Started o.s.j.s.ServletContextHandler@6dc2f1b5{/storage/rdd,null,AVAILABLE,@Spark}
2020-05-10 00:50:50 INFO  ContextHandler:781 - Started o.s.j.s.ServletContextHandler@4d098d91{/storage/rdd/json,null,AVAILABLE,@Spark}
2020-05-10 00:50:50 INFO  ContextHandler:781 - Started o.s.j.s.ServletContextHandler@680392d9{/environment,null,AVAILABLE,@Spark}
2020-05-10 00:50:50 INFO  ContextHandler:781 - Started o.s.j.s.ServletContextHandler@249e375c{/environment/json,null,AVAILABLE,@Spark}
2020-05-10 00:50:50 INFO  ContextHandler:781 - Started o.s.j.s.ServletContextHandler@5eab2523{/executors,null,AVAILABLE,@Spark}
2020-05-10 00:50:50 INFO  ContextHandler:781 - Started o.s.j.s.ServletContextHandler@5fcf4e62{/executors/json,null,AVAILABLE,@Spark}
2020-05-10 00:50:50 INFO  ContextHandler:781 - Started o.s.j.s.ServletContextHandler@2bae8a18{/executors/threadDump,null,AVAILABLE,@Spark}
2020-05-10 00:50:50 INFO  ContextHandler:781 - Started o.s.j.s.ServletContextHandler@7e5f6ce6{/executors/threadDump/json,null,AVAILABLE,@Spark}
2020-05-10 00:50:50 INFO  ContextHandler:781 - Started o.s.j.s.ServletContextHandler@79dadc33{/static,null,AVAILABLE,@Spark}
2020-05-10 00:50:50 INFO  ContextHandler:781 - Started o.s.j.s.ServletContextHandler@2c1a0e4b{/,null,AVAILABLE,@Spark}
2020-05-10 00:50:50 INFO  ContextHandler:781 - Started o.s.j.s.ServletContextHandler@3601d7ce{/api,null,AVAILABLE,@Spark}
2020-05-10 00:50:50 INFO  ContextHandler:781 - Started o.s.j.s.ServletContextHandler@7e3a0d06{/jobs/job/kill,null,AVAILABLE,@Spark}
2020-05-10 00:50:50 INFO  ContextHandler:781 - Started o.s.j.s.ServletContextHandler@77fef84f{/stages/stage/kill,null,AVAILABLE,@Spark}
2020-05-10 00:50:50 INFO  SparkUI:54 - Bound SparkUI to 0.0.0.0, and started at http://sharc-node175.shef.ac.uk:4042
2020-05-10 00:50:50 INFO  SparkContext:54 - Added file file:/home/acp18rkh/ScalableML-master/ScalableML-master/Code/Q1_1.py at file:/home/acp18rkh/ScalableML-master/ScalableML-master/Code/Q1_1.py with timestamp 1589068250974
2020-05-10 00:50:50 INFO  Utils:54 - Copying /home/acp18rkh/ScalableML-master/ScalableML-master/Code/Q1_1.py to /mnt/fastdata/acq18rkh/spark-cbd26e9b-5202-49b8-be10-a8046fcaaf03/userFiles-fb1e9e78-15a9-45df-9394-fdcbddf17264/Q1_1.py
2020-05-10 00:50:51 INFO  Executor:54 - Starting executor ID driver on host localhost
2020-05-10 00:50:51 INFO  Utils:54 - Successfully started service 'org.apache.spark.network.netty.NettyBlockTransferService' on port 38944.
2020-05-10 00:50:51 INFO  NettyBlockTransferService:54 - Server created on sharc-node175.shef.ac.uk:38944
2020-05-10 00:50:51 INFO  BlockManager:54 - Using org.apache.spark.storage.RandomBlockReplicationPolicy for block replication policy
2020-05-10 00:50:51 INFO  BlockManagerMaster:54 - Registering BlockManager BlockManagerId(driver, sharc-node175.shef.ac.uk, 38944, None)
2020-05-10 00:50:51 INFO  BlockManagerMasterEndpoint:54 - Registering block manager sharc-node175.shef.ac.uk:38944 with 5.2 GB RAM, BlockManagerId(driver, sharc-node175.shef.ac.uk, 38944, None)
2020-05-10 00:50:51 INFO  BlockManagerMaster:54 - Registered BlockManager BlockManagerId(driver, sharc-node175.shef.ac.uk, 38944, None)
2020-05-10 00:50:51 INFO  BlockManager:54 - Initialized BlockManager: BlockManagerId(driver, sharc-node175.shef.ac.uk, 38944, None)
2020-05-10 00:50:51 INFO  ContextHandler:781 - Started o.s.j.s.ServletContextHandler@47cc94d4{/metrics/json,null,AVAILABLE,@Spark}
2020-05-10 00:50:51 INFO  SharedState:54 - Setting hive.metastore.warehouse.dir ('null') to the value of spark.sql.warehouse.dir ('file:/home/acp18rkh/ScalableML-master/ScalableML-master/spark-warehouse/').
2020-05-10 00:50:51 INFO  SharedState:54 - Warehouse path is 'file:/home/acp18rkh/ScalableML-master/ScalableML-master/spark-warehouse/'.
2020-05-10 00:50:51 INFO  ContextHandler:781 - Started o.s.j.s.ServletContextHandler@79dc47d5{/SQL,null,AVAILABLE,@Spark}
2020-05-10 00:50:51 INFO  ContextHandler:781 - Started o.s.j.s.ServletContextHandler@d4de61b{/SQL/json,null,AVAILABLE,@Spark}
2020-05-10 00:50:51 INFO  ContextHandler:781 - Started o.s.j.s.ServletContextHandler@79b5947a{/SQL/execution,null,AVAILABLE,@Spark}
2020-05-10 00:50:51 INFO  ContextHandler:781 - Started o.s.j.s.ServletContextHandler@2780b02b{/SQL/execution/json,null,AVAILABLE,@Spark}
2020-05-10 00:50:51 INFO  ContextHandler:781 - Started o.s.j.s.ServletContextHandler@13805ad9{/static/sql,null,AVAILABLE,@Spark}
2020-05-10 00:50:51 INFO  StateStoreCoordinatorRef:54 - Registered StateStoreCoordinator endpoint
2020-05-10 00:50:54 WARN  Utils:66 - Truncated the string representation of a plan since it was too large. This behavior can be adjusted by setting 'spark.debug.maxToStringFields' in SparkEnv.conf.
Random Forest Classifier, best parameters: Area Under ROC
2020-05-10 00:54:23 WARN  MemoryStore:66 - Not enough space to cache rdd_11_0 in memory! (computed 4.1 GB so far)
2020-05-10 00:54:23 WARN  BlockManager:66 - Persisting block rdd_11_0 to disk instead.
2020-05-10 00:56:24 WARN  MemoryStore:66 - Not enough space to cache rdd_11_0 in memory! (computed 4.1 GB so far)
{Param(parent='RandomForestClassifier_467cb5c5ed09ad652235', name='maxDepth', doc='Maximum depth of the tree. (>= 0) E.g., depth 0 means 1 leaf node; depth 1 means 1 internal node + 2 leaf nodes.'): 15, Param(parent='RandomForestClassifier_467cb5c5ed09ad652235', name='numTrees', doc='Number of trees to train (>= 1).'): 20}
Area Under ROC: 0.7179459196783484
Random Forest Classifier, best parameters Metric: Accuracy
{Param(parent='RandomForestClassifier_467cb5c5ed09ad652235', name='maxDepth', doc='Maximum depth of the tree. (>= 0) E.g., depth 0 means 1 leaf node; depth 1 means 1 internal node + 2 leaf nodes.'): 15, Param(parent='RandomForestClassifier_467cb5c5ed09ad652235', name='numTrees', doc='Number of trees to train (>= 1).'): 20}
Accuracy: 0.7197609145420932
Gradient Boosting Classifier, best Parameters: Area Under ROC
2020-05-10 01:33:12 WARN  BLAS:61 - Failed to load implementation from: com.github.fommil.netlib.NativeSystemBLAS
2020-05-10 01:33:12 WARN  BLAS:61 - Failed to load implementation from: com.github.fommil.netlib.NativeRefBLAS
{Param(parent='GBTClassifier_4610bb875f8bfad3ea9e', name='maxDepth', doc='Maximum depth of the tree. (>= 0) E.g., depth 0 means 1 leaf node; depth 1 means 1 internal node + 2 leaf nodes.'): 10, Param(parent='GBTClassifier_4610bb875f8bfad3ea9e', name='maxIter', doc='max number of iterations (>= 0).'): 15}
Area Under ROC: 0.7177211405576462
Gradient Boosting Classifier, best Parameters Metric: Accuracy
{Param(parent='GBTClassifier_4610bb875f8bfad3ea9e', name='maxDepth', doc='Maximum depth of the tree. (>= 0) E.g., depth 0 means 1 leaf node; depth 1 means 1 internal node + 2 leaf nodes.'): 10, Param(parent='GBTClassifier_4610bb875f8bfad3ea9e', name='maxIter', doc='max number of iterations (>= 0).'): 15}
Accuracy: 0.7190115648351069
