Conda uses environments to load different sets of Python packages
type conda env list to see the environments availible.
2020-05-09 23:19:14 WARN  NativeCodeLoader:62 - Unable to load native-hadoop library for your platform... using builtin-java classes where applicable
2020-05-09 23:19:22 INFO  SparkContext:54 - Running Spark version 2.3.2
2020-05-09 23:19:22 WARN  SparkConf:66 - In Spark 1.0 and later spark.local.dir will be overridden by the value set by the cluster manager (via SPARK_LOCAL_DIRS in mesos/standalone and LOCAL_DIRS in YARN).
2020-05-09 23:19:22 INFO  SparkContext:54 - Submitted application: Q1_2
2020-05-09 23:19:22 INFO  SecurityManager:54 - Changing view acls to: acp18rkh
2020-05-09 23:19:22 INFO  SecurityManager:54 - Changing modify acls to: acp18rkh
2020-05-09 23:19:22 INFO  SecurityManager:54 - Changing view acls groups to: 
2020-05-09 23:19:22 INFO  SecurityManager:54 - Changing modify acls groups to: 
2020-05-09 23:19:22 INFO  SecurityManager:54 - SecurityManager: authentication disabled; ui acls disabled; users  with view permissions: Set(acp18rkh); groups with view permissions: Set(); users  with modify permissions: Set(acp18rkh); groups with modify permissions: Set()
2020-05-09 23:19:22 INFO  Utils:54 - Successfully started service 'sparkDriver' on port 41082.
2020-05-09 23:19:22 INFO  SparkEnv:54 - Registering MapOutputTracker
2020-05-09 23:19:22 INFO  SparkEnv:54 - Registering BlockManagerMaster
2020-05-09 23:19:22 INFO  BlockManagerMasterEndpoint:54 - Using org.apache.spark.storage.DefaultTopologyMapper for getting topology information
2020-05-09 23:19:22 INFO  BlockManagerMasterEndpoint:54 - BlockManagerMasterEndpoint up
2020-05-09 23:19:22 INFO  DiskBlockManager:54 - Created local directory at /mnt/fastdata/acp18rkh/blockmgr-37e9dbf5-6442-4706-92c4-7f1eca7ead85
2020-05-09 23:19:22 INFO  MemoryStore:54 - MemoryStore started with capacity 5.2 GB
2020-05-09 23:19:22 INFO  SparkEnv:54 - Registering OutputCommitCoordinator
2020-05-09 23:19:23 INFO  log:192 - Logging initialized @12185ms
2020-05-09 23:19:23 INFO  Server:351 - jetty-9.3.z-SNAPSHOT, build timestamp: unknown, git hash: unknown
2020-05-09 23:19:23 INFO  Server:419 - Started @12254ms
2020-05-09 23:19:23 WARN  Utils:66 - Service 'SparkUI' could not bind on port 4040. Attempting port 4041.
2020-05-09 23:19:23 WARN  Utils:66 - Service 'SparkUI' could not bind on port 4041. Attempting port 4042.
2020-05-09 23:19:23 INFO  AbstractConnector:278 - Started ServerConnector@65a145da{HTTP/1.1,[http/1.1]}{0.0.0.0:4042}
2020-05-09 23:19:23 INFO  Utils:54 - Successfully started service 'SparkUI' on port 4042.
2020-05-09 23:19:23 INFO  ContextHandler:781 - Started o.s.j.s.ServletContextHandler@20c20340{/jobs,null,AVAILABLE,@Spark}
2020-05-09 23:19:23 INFO  ContextHandler:781 - Started o.s.j.s.ServletContextHandler@1809181d{/jobs/json,null,AVAILABLE,@Spark}
2020-05-09 23:19:23 INFO  ContextHandler:781 - Started o.s.j.s.ServletContextHandler@1649750f{/jobs/job,null,AVAILABLE,@Spark}
2020-05-09 23:19:23 INFO  ContextHandler:781 - Started o.s.j.s.ServletContextHandler@6ff884f1{/jobs/job/json,null,AVAILABLE,@Spark}
2020-05-09 23:19:23 INFO  ContextHandler:781 - Started o.s.j.s.ServletContextHandler@3f61a0e3{/stages,null,AVAILABLE,@Spark}
2020-05-09 23:19:23 INFO  ContextHandler:781 - Started o.s.j.s.ServletContextHandler@625d5b0d{/stages/json,null,AVAILABLE,@Spark}
2020-05-09 23:19:23 INFO  ContextHandler:781 - Started o.s.j.s.ServletContextHandler@61113b1a{/stages/stage,null,AVAILABLE,@Spark}
2020-05-09 23:19:23 INFO  ContextHandler:781 - Started o.s.j.s.ServletContextHandler@703c9afa{/stages/stage/json,null,AVAILABLE,@Spark}
2020-05-09 23:19:23 INFO  ContextHandler:781 - Started o.s.j.s.ServletContextHandler@181db60c{/stages/pool,null,AVAILABLE,@Spark}
2020-05-09 23:19:23 INFO  ContextHandler:781 - Started o.s.j.s.ServletContextHandler@7dbbaa06{/stages/pool/json,null,AVAILABLE,@Spark}
2020-05-09 23:19:23 INFO  ContextHandler:781 - Started o.s.j.s.ServletContextHandler@c653950{/storage,null,AVAILABLE,@Spark}
2020-05-09 23:19:23 INFO  ContextHandler:781 - Started o.s.j.s.ServletContextHandler@181a896c{/storage/json,null,AVAILABLE,@Spark}
2020-05-09 23:19:23 INFO  ContextHandler:781 - Started o.s.j.s.ServletContextHandler@6dc2f1b5{/storage/rdd,null,AVAILABLE,@Spark}
2020-05-09 23:19:23 INFO  ContextHandler:781 - Started o.s.j.s.ServletContextHandler@4d098d91{/storage/rdd/json,null,AVAILABLE,@Spark}
2020-05-09 23:19:23 INFO  ContextHandler:781 - Started o.s.j.s.ServletContextHandler@680392d9{/environment,null,AVAILABLE,@Spark}
2020-05-09 23:19:23 INFO  ContextHandler:781 - Started o.s.j.s.ServletContextHandler@249e375c{/environment/json,null,AVAILABLE,@Spark}
2020-05-09 23:19:23 INFO  ContextHandler:781 - Started o.s.j.s.ServletContextHandler@5eab2523{/executors,null,AVAILABLE,@Spark}
2020-05-09 23:19:23 INFO  ContextHandler:781 - Started o.s.j.s.ServletContextHandler@5fcf4e62{/executors/json,null,AVAILABLE,@Spark}
2020-05-09 23:19:23 INFO  ContextHandler:781 - Started o.s.j.s.ServletContextHandler@2bae8a18{/executors/threadDump,null,AVAILABLE,@Spark}
2020-05-09 23:19:23 INFO  ContextHandler:781 - Started o.s.j.s.ServletContextHandler@7e5f6ce6{/executors/threadDump/json,null,AVAILABLE,@Spark}
2020-05-09 23:19:23 INFO  ContextHandler:781 - Started o.s.j.s.ServletContextHandler@79dadc33{/static,null,AVAILABLE,@Spark}
2020-05-09 23:19:23 INFO  ContextHandler:781 - Started o.s.j.s.ServletContextHandler@2c1a0e4b{/,null,AVAILABLE,@Spark}
2020-05-09 23:19:23 INFO  ContextHandler:781 - Started o.s.j.s.ServletContextHandler@3601d7ce{/api,null,AVAILABLE,@Spark}
2020-05-09 23:19:23 INFO  ContextHandler:781 - Started o.s.j.s.ServletContextHandler@7e3a0d06{/jobs/job/kill,null,AVAILABLE,@Spark}
2020-05-09 23:19:23 INFO  ContextHandler:781 - Started o.s.j.s.ServletContextHandler@77fef84f{/stages/stage/kill,null,AVAILABLE,@Spark}
2020-05-09 23:19:23 INFO  SparkUI:54 - Bound SparkUI to 0.0.0.0, and started at http://sharc-node177.shef.ac.uk:4042
2020-05-09 23:19:23 INFO  SparkContext:54 - Added file file:/home/acp18rkh/ScalableML-master/ScalableML-master/Code/Q1_2.py at file:/home/acp18rkh/ScalableML-master/ScalableML-master/Code/Q1_2.py with timestamp 1589062763504
2020-05-09 23:19:23 INFO  Utils:54 - Copying /home/acp18rkh/ScalableML-master/ScalableML-master/Code/Q1_2.py to /mnt/fastdata/acp18rkh/spark-7eb25521-25d8-4e22-8516-cf6096882765/userFiles-27c51340-1090-481c-87d8-61acd80dc27c/Q1_2.py
2020-05-09 23:19:23 INFO  Executor:54 - Starting executor ID driver on host localhost
2020-05-09 23:19:23 INFO  Utils:54 - Successfully started service 'org.apache.spark.network.netty.NettyBlockTransferService' on port 41362.
2020-05-09 23:19:23 INFO  NettyBlockTransferService:54 - Server created on sharc-node177.shef.ac.uk:41362
2020-05-09 23:19:23 INFO  BlockManager:54 - Using org.apache.spark.storage.RandomBlockReplicationPolicy for block replication policy
2020-05-09 23:19:23 INFO  BlockManagerMaster:54 - Registering BlockManager BlockManagerId(driver, sharc-node177.shef.ac.uk, 41362, None)
2020-05-09 23:19:23 INFO  BlockManagerMasterEndpoint:54 - Registering block manager sharc-node177.shef.ac.uk:41362 with 5.2 GB RAM, BlockManagerId(driver, sharc-node177.shef.ac.uk, 41362, None)
2020-05-09 23:19:23 INFO  BlockManagerMaster:54 - Registered BlockManager BlockManagerId(driver, sharc-node177.shef.ac.uk, 41362, None)
2020-05-09 23:19:23 INFO  BlockManager:54 - Initialized BlockManager: BlockManagerId(driver, sharc-node177.shef.ac.uk, 41362, None)
2020-05-09 23:19:23 INFO  ContextHandler:781 - Started o.s.j.s.ServletContextHandler@47cc94d4{/metrics/json,null,AVAILABLE,@Spark}
2020-05-09 23:19:24 INFO  SharedState:54 - Setting hive.metastore.warehouse.dir ('null') to the value of spark.sql.warehouse.dir ('file:/home/acp18rkh/ScalableML-master/ScalableML-master/spark-warehouse/').
2020-05-09 23:19:24 INFO  SharedState:54 - Warehouse path is 'file:/home/acp18rkh/ScalableML-master/ScalableML-master/spark-warehouse/'.
2020-05-09 23:19:24 INFO  ContextHandler:781 - Started o.s.j.s.ServletContextHandler@79dc47d5{/SQL,null,AVAILABLE,@Spark}
2020-05-09 23:19:24 INFO  ContextHandler:781 - Started o.s.j.s.ServletContextHandler@d4de61b{/SQL/json,null,AVAILABLE,@Spark}
2020-05-09 23:19:24 INFO  ContextHandler:781 - Started o.s.j.s.ServletContextHandler@79b5947a{/SQL/execution,null,AVAILABLE,@Spark}
2020-05-09 23:19:24 INFO  ContextHandler:781 - Started o.s.j.s.ServletContextHandler@2780b02b{/SQL/execution/json,null,AVAILABLE,@Spark}
2020-05-09 23:19:24 INFO  ContextHandler:781 - Started o.s.j.s.ServletContextHandler@13805ad9{/static/sql,null,AVAILABLE,@Spark}
2020-05-09 23:19:24 INFO  StateStoreCoordinatorRef:54 - Registered StateStoreCoordinator endpoint
2020-05-09 23:19:28 WARN  Utils:66 - Truncated the string representation of a plan since it was too large. This behavior can be adjusted by setting 'spark.debug.maxToStringFields' in SparkEnv.conf.
Random Forest Classifier
2020-05-09 23:22:59 WARN  MemoryStore:66 - Not enough space to cache rdd_11_0 in memory! (computed 4.1 GB so far)
2020-05-09 23:22:59 WARN  BlockManager:66 - Persisting block rdd_11_0 to disk instead.
2020-05-09 23:24:59 WARN  MemoryStore:66 - Not enough space to cache rdd_11_0 in memory! (computed 4.1 GB so far)
2020-05-09 23:44:21 WARN  MemoryStore:66 - Not enough space to cache rdd_11_0 in memory! (computed 4.1 GB so far)
Accuracy: 0.7290239065620371
Area Under ROC: 0.7271346824708538
Top Three Features
_c26 _c28 _c27 
Time: 29.0 minutes 31.016294956207275 seconds
Gradient Boosting Classifier
2020-05-10 00:00:04 WARN  BLAS:61 - Failed to load implementation from: com.github.fommil.netlib.NativeSystemBLAS
2020-05-10 00:00:04 WARN  BLAS:61 - Failed to load implementation from: com.github.fommil.netlib.NativeRefBLAS
Accuracy: 0.7259357571573144
Area Under ROC: 0.7244831322616015
Top Three Features
_c26 _c23 _c25 
Time: 11.0 minutes 34.72253489494324 seconds
