Conda uses environments to load different sets of Python packages
type conda env list to see the environments availible.
2020-05-10 00:06:57 WARN  NativeCodeLoader:62 - Unable to load native-hadoop library for your platform... using builtin-java classes where applicable
2020-05-10 00:06:59 INFO  SparkContext:54 - Running Spark version 2.3.2
2020-05-10 00:06:59 WARN  SparkConf:66 - In Spark 1.0 and later spark.local.dir will be overridden by the value set by the cluster manager (via SPARK_LOCAL_DIRS in mesos/standalone and LOCAL_DIRS in YARN).
2020-05-10 00:06:59 INFO  SparkContext:54 - Submitted application: Q1_2
2020-05-10 00:06:59 INFO  SecurityManager:54 - Changing view acls to: acp18rkh
2020-05-10 00:06:59 INFO  SecurityManager:54 - Changing modify acls to: acp18rkh
2020-05-10 00:06:59 INFO  SecurityManager:54 - Changing view acls groups to: 
2020-05-10 00:06:59 INFO  SecurityManager:54 - Changing modify acls groups to: 
2020-05-10 00:06:59 INFO  SecurityManager:54 - SecurityManager: authentication disabled; ui acls disabled; users  with view permissions: Set(acp18rkh); groups with view permissions: Set(); users  with modify permissions: Set(acp18rkh); groups with modify permissions: Set()
2020-05-10 00:07:00 INFO  Utils:54 - Successfully started service 'sparkDriver' on port 33930.
2020-05-10 00:07:00 INFO  SparkEnv:54 - Registering MapOutputTracker
2020-05-10 00:07:00 INFO  SparkEnv:54 - Registering BlockManagerMaster
2020-05-10 00:07:00 INFO  BlockManagerMasterEndpoint:54 - Using org.apache.spark.storage.DefaultTopologyMapper for getting topology information
2020-05-10 00:07:00 INFO  BlockManagerMasterEndpoint:54 - BlockManagerMasterEndpoint up
2020-05-10 00:07:00 INFO  DiskBlockManager:54 - Created local directory at /mnt/fastdata/acp18rkh/blockmgr-b425a153-471c-44b9-8078-d0c9c2718b6e
2020-05-10 00:07:00 INFO  MemoryStore:54 - MemoryStore started with capacity 5.2 GB
2020-05-10 00:07:00 INFO  SparkEnv:54 - Registering OutputCommitCoordinator
2020-05-10 00:07:00 INFO  log:192 - Logging initialized @4111ms
2020-05-10 00:07:00 INFO  Server:351 - jetty-9.3.z-SNAPSHOT, build timestamp: unknown, git hash: unknown
2020-05-10 00:07:00 INFO  Server:419 - Started @4171ms
2020-05-10 00:07:00 INFO  AbstractConnector:278 - Started ServerConnector@632b3d69{HTTP/1.1,[http/1.1]}{0.0.0.0:4040}
2020-05-10 00:07:00 INFO  Utils:54 - Successfully started service 'SparkUI' on port 4040.
2020-05-10 00:07:00 INFO  ContextHandler:781 - Started o.s.j.s.ServletContextHandler@78b2c40c{/jobs,null,AVAILABLE,@Spark}
2020-05-10 00:07:00 INFO  ContextHandler:781 - Started o.s.j.s.ServletContextHandler@d99f8b1{/jobs/json,null,AVAILABLE,@Spark}
2020-05-10 00:07:00 INFO  ContextHandler:781 - Started o.s.j.s.ServletContextHandler@3a119479{/jobs/job,null,AVAILABLE,@Spark}
2020-05-10 00:07:00 INFO  ContextHandler:781 - Started o.s.j.s.ServletContextHandler@518a90d{/jobs/job/json,null,AVAILABLE,@Spark}
2020-05-10 00:07:00 INFO  ContextHandler:781 - Started o.s.j.s.ServletContextHandler@4706856f{/stages,null,AVAILABLE,@Spark}
2020-05-10 00:07:00 INFO  ContextHandler:781 - Started o.s.j.s.ServletContextHandler@710263aa{/stages/json,null,AVAILABLE,@Spark}
2020-05-10 00:07:00 INFO  ContextHandler:781 - Started o.s.j.s.ServletContextHandler@2000afd2{/stages/stage,null,AVAILABLE,@Spark}
2020-05-10 00:07:00 INFO  ContextHandler:781 - Started o.s.j.s.ServletContextHandler@7133d87e{/stages/stage/json,null,AVAILABLE,@Spark}
2020-05-10 00:07:00 INFO  ContextHandler:781 - Started o.s.j.s.ServletContextHandler@54e887b5{/stages/pool,null,AVAILABLE,@Spark}
2020-05-10 00:07:00 INFO  ContextHandler:781 - Started o.s.j.s.ServletContextHandler@35c997ec{/stages/pool/json,null,AVAILABLE,@Spark}
2020-05-10 00:07:00 INFO  ContextHandler:781 - Started o.s.j.s.ServletContextHandler@51d7fdcd{/storage,null,AVAILABLE,@Spark}
2020-05-10 00:07:00 INFO  ContextHandler:781 - Started o.s.j.s.ServletContextHandler@3e483fa1{/storage/json,null,AVAILABLE,@Spark}
2020-05-10 00:07:00 INFO  ContextHandler:781 - Started o.s.j.s.ServletContextHandler@2e8dd2f2{/storage/rdd,null,AVAILABLE,@Spark}
2020-05-10 00:07:00 INFO  ContextHandler:781 - Started o.s.j.s.ServletContextHandler@57024638{/storage/rdd/json,null,AVAILABLE,@Spark}
2020-05-10 00:07:00 INFO  ContextHandler:781 - Started o.s.j.s.ServletContextHandler@3955e080{/environment,null,AVAILABLE,@Spark}
2020-05-10 00:07:00 INFO  ContextHandler:781 - Started o.s.j.s.ServletContextHandler@461f653c{/environment/json,null,AVAILABLE,@Spark}
2020-05-10 00:07:00 INFO  ContextHandler:781 - Started o.s.j.s.ServletContextHandler@6c5254f{/executors,null,AVAILABLE,@Spark}
2020-05-10 00:07:00 INFO  ContextHandler:781 - Started o.s.j.s.ServletContextHandler@43b39029{/executors/json,null,AVAILABLE,@Spark}
2020-05-10 00:07:00 INFO  ContextHandler:781 - Started o.s.j.s.ServletContextHandler@5574293f{/executors/threadDump,null,AVAILABLE,@Spark}
2020-05-10 00:07:00 INFO  ContextHandler:781 - Started o.s.j.s.ServletContextHandler@687f8028{/executors/threadDump/json,null,AVAILABLE,@Spark}
2020-05-10 00:07:00 INFO  ContextHandler:781 - Started o.s.j.s.ServletContextHandler@47bf2f35{/static,null,AVAILABLE,@Spark}
2020-05-10 00:07:00 INFO  ContextHandler:781 - Started o.s.j.s.ServletContextHandler@337a1da7{/,null,AVAILABLE,@Spark}
2020-05-10 00:07:00 INFO  ContextHandler:781 - Started o.s.j.s.ServletContextHandler@11b4ceeb{/api,null,AVAILABLE,@Spark}
2020-05-10 00:07:00 INFO  ContextHandler:781 - Started o.s.j.s.ServletContextHandler@2edda40{/jobs/job/kill,null,AVAILABLE,@Spark}
2020-05-10 00:07:00 INFO  ContextHandler:781 - Started o.s.j.s.ServletContextHandler@36557735{/stages/stage/kill,null,AVAILABLE,@Spark}
2020-05-10 00:07:00 INFO  SparkUI:54 - Bound SparkUI to 0.0.0.0, and started at http://sharc-node176.shef.ac.uk:4040
2020-05-10 00:07:00 INFO  SparkContext:54 - Added file file:/home/acp18rkh/ScalableML-master/ScalableML-master/Code/Q1_2.py at file:/home/acp18rkh/ScalableML-master/ScalableML-master/Code/Q1_2.py with timestamp 1589065620582
2020-05-10 00:07:00 INFO  Utils:54 - Copying /home/acp18rkh/ScalableML-master/ScalableML-master/Code/Q1_2.py to /mnt/fastdata/acp18rkh/spark-7792345e-3ff7-43a0-954a-548c1365a963/userFiles-0d66f3aa-9380-4570-aacc-36e69bc4b2d4/Q1_2.py
2020-05-10 00:07:00 INFO  Executor:54 - Starting executor ID driver on host localhost
2020-05-10 00:07:00 INFO  Utils:54 - Successfully started service 'org.apache.spark.network.netty.NettyBlockTransferService' on port 36934.
2020-05-10 00:07:00 INFO  NettyBlockTransferService:54 - Server created on sharc-node176.shef.ac.uk:36934
2020-05-10 00:07:00 INFO  BlockManager:54 - Using org.apache.spark.storage.RandomBlockReplicationPolicy for block replication policy
2020-05-10 00:07:00 INFO  BlockManagerMaster:54 - Registering BlockManager BlockManagerId(driver, sharc-node176.shef.ac.uk, 36934, None)
2020-05-10 00:07:00 INFO  BlockManagerMasterEndpoint:54 - Registering block manager sharc-node176.shef.ac.uk:36934 with 5.2 GB RAM, BlockManagerId(driver, sharc-node176.shef.ac.uk, 36934, None)
2020-05-10 00:07:00 INFO  BlockManagerMaster:54 - Registered BlockManager BlockManagerId(driver, sharc-node176.shef.ac.uk, 36934, None)
2020-05-10 00:07:00 INFO  BlockManager:54 - Initialized BlockManager: BlockManagerId(driver, sharc-node176.shef.ac.uk, 36934, None)
2020-05-10 00:07:00 INFO  ContextHandler:781 - Started o.s.j.s.ServletContextHandler@d2e796f{/metrics/json,null,AVAILABLE,@Spark}
2020-05-10 00:07:00 INFO  SharedState:54 - Setting hive.metastore.warehouse.dir ('null') to the value of spark.sql.warehouse.dir ('file:/home/acp18rkh/ScalableML-master/ScalableML-master/spark-warehouse/').
2020-05-10 00:07:00 INFO  SharedState:54 - Warehouse path is 'file:/home/acp18rkh/ScalableML-master/ScalableML-master/spark-warehouse/'.
2020-05-10 00:07:00 INFO  ContextHandler:781 - Started o.s.j.s.ServletContextHandler@5beb360a{/SQL,null,AVAILABLE,@Spark}
2020-05-10 00:07:00 INFO  ContextHandler:781 - Started o.s.j.s.ServletContextHandler@2b10fe39{/SQL/json,null,AVAILABLE,@Spark}
2020-05-10 00:07:00 INFO  ContextHandler:781 - Started o.s.j.s.ServletContextHandler@7bee851b{/SQL/execution,null,AVAILABLE,@Spark}
2020-05-10 00:07:00 INFO  ContextHandler:781 - Started o.s.j.s.ServletContextHandler@389656b9{/SQL/execution/json,null,AVAILABLE,@Spark}
2020-05-10 00:07:00 INFO  ContextHandler:781 - Started o.s.j.s.ServletContextHandler@5541d274{/static/sql,null,AVAILABLE,@Spark}
2020-05-10 00:07:01 INFO  StateStoreCoordinatorRef:54 - Registered StateStoreCoordinator endpoint
2020-05-10 00:07:04 WARN  Utils:66 - Truncated the string representation of a plan since it was too large. This behavior can be adjusted by setting 'spark.debug.maxToStringFields' in SparkEnv.conf.
Random Forest Classifier
2020-05-10 00:10:19 WARN  MemoryStore:66 - Not enough space to cache rdd_11_0 in memory! (computed 4.1 GB so far)
2020-05-10 00:10:19 WARN  BlockManager:66 - Persisting block rdd_11_0 to disk instead.
2020-05-10 00:12:12 WARN  MemoryStore:66 - Not enough space to cache rdd_11_0 in memory! (computed 4.1 GB so far)
2020-05-10 00:31:48 WARN  MemoryStore:66 - Not enough space to cache rdd_11_0 in memory! (computed 4.1 GB so far)
Accuracy: 0.7290239065620371
Area Under ROC: 0.7271346824708538
Top Three Features
_c26 _c28 _c27 
Time: 29.0 minutes 16.596566677093506 seconds
Gradient Boosting Classifier
2020-05-10 00:46:59 WARN  BLAS:61 - Failed to load implementation from: com.github.fommil.netlib.NativeSystemBLAS
2020-05-10 00:46:59 WARN  BLAS:61 - Failed to load implementation from: com.github.fommil.netlib.NativeRefBLAS
Accuracy: 0.7259357571573144
Area Under ROC: 0.7244831322616015
Top Three Features
_c26 _c23 _c25 
Time: 11.0 minutes 10.038195848464966 seconds
